2016-09-15 08:57:32,570 - PRE-RUN VALIDATE DOMAINS                                     executed in 0.001 seconds (0.001 seconds since start) 
2016-09-15 08:57:32,570 -  Domains zijn OK.                                            executed in 0.000 seconds (0.001 seconds since start) 
2016-09-15 08:57:32,570 - 
2016-09-15 08:57:32,570 - VALIDATE MAPPINGS BEFORE DDL                                 executed in 0.000 seconds (0.001 seconds since start) 
2016-09-15 08:57:32,570 -   Mappings zijn OK.                                          executed in 0.000 seconds (0.001 seconds since start) 
2016-09-15 08:57:32,570 - 
2016-09-15 08:57:32,571 - START RUN 0.01                                               executed in 0.000 seconds (0.001 seconds since start) 
2016-09-15 08:57:32,571 - START DDL                                                    executed in 0.001 seconds (0.002 seconds since start) 
2016-09-15 08:57:32,571 -  DDL PIPE test_source                                        executed in 0.000 seconds (0.002 seconds since start) 
2016-09-15 08:57:32,572 -   START CREATE SOR                                           executed in 0.001 seconds (0.003 seconds since start) 
2016-09-15 08:57:32,592 -     -create persoon_temp_hash                                executed in 0.021 seconds (0.023 seconds since start) 
2016-09-15 08:57:32,604 -     -create persoon_temp_hash                                executed in 0.012 seconds (0.035 seconds since start) 
2016-09-15 08:57:32,627 -     -create persoon_hstage_hash                              executed in 0.023 seconds (0.058 seconds since start) 
2016-09-15 08:57:32,628 -   FINISH CREATE SOR                                          executed in 0.001 seconds (0.058 seconds since start) 
2016-09-15 08:57:32,628 -   START CREATE DV                                            executed in 0.000 seconds (0.058 seconds since start) 
2016-09-15 08:57:32,686 -     -create valuesets tables                                 executed in 0.058 seconds (0.116 seconds since start) 
2016-09-15 08:57:32,735 -     -create exception table                                  executed in 0.049 seconds (0.165 seconds since start) 
2016-09-15 08:57:32,735 -   FINISH CREATE DV                                           executed in 0.001 seconds (0.166 seconds since start) 
2016-09-15 08:57:32,761 -  FINISH DDL PIPE test_source                                 executed in 0.026 seconds (0.191 seconds since start) 
2016-09-15 08:57:32,761 - FINISH DDL                                                   executed in 0.000 seconds (0.191 seconds since start) 
2016-09-15 08:57:32,761 - 
2016-09-15 08:57:32,761 - VALIDATE MAPPINGS                                            executed in 0.000 seconds (0.191 seconds since start) 
2016-09-15 08:57:32,761 -   Mappings zijn OK.                                          executed in 0.000 seconds (0.191 seconds since start) 
2016-09-15 08:57:32,761 - 
2016-09-15 08:57:32,761 - START ETL                                                    executed in 0.000 seconds (0.192 seconds since start) 
2016-09-15 08:57:32,761 - =====================================                        executed in 0.000 seconds (0.192 seconds since start) 
2016-09-15 08:57:32,761 - ===== START PIPE test_source                                 executed in 0.000 seconds (0.192 seconds since start) 
2016-09-15 08:57:32,761 - =====================================                        executed in 0.000 seconds (0.192 seconds since start) 
2016-09-15 08:57:32,761 -  START FROM SOURCE TO SOR                                    executed in 0.000 seconds (0.192 seconds since start) 
2016-09-15 08:57:32,762 -    START patienten1.csv -> persoon_hstage                    executed in 0.001 seconds (0.192 seconds since start) 
2016-09-15 08:57:32,783 -      -truncate persoon_temp                                  executed in 0.021 seconds (0.213 seconds since start) 
2016-09-15 08:57:32,784 -      -copy into persoon_temp                                 executed on 4 rows in 0.002 seconds (0.214 seconds since start) 
2016-09-15 08:57:32,786 -      -insert new into persoon_hstage                         executed on 4 rows in 0.002 seconds (0.216 seconds since start) 
2016-09-15 08:57:32,790 -      -update revision                                        executed on 0 rows in 0.005 seconds (0.221 seconds since start) 
2016-09-15 08:57:32,791 -      -update set old ones inactive                           executed on 0 rows in 0.001 seconds (0.222 seconds since start) 
2016-09-15 08:57:32,792 -      -validate sor: mark duplicate keys                      executed on 0 rows in 0.001 seconds (0.223 seconds since start) 
2016-09-15 08:57:32,793 -      -validate sor: mark first items of duplicate keys       executed on 0 rows in 0.001 seconds (0.224 seconds since start) 
2016-09-15 08:57:32,794 -    FINISH patienten1.csv -> persoon_hstage                   executed in 0.001 seconds (0.224 seconds since start) 
2016-09-15 08:57:32,794 -  FINISH FROM SOURCE TO SOR                                   executed in 0.000 seconds (0.224 seconds since start) 

2016-09-15 08:57:32,794 -  START FROM SOR TO REFS                                      executed in 0.000 seconds (0.224 seconds since start) 
2016-09-15 08:57:32,794 -  FINISH FROM SOR TO REFS                                     executed in 0.000 seconds (0.224 seconds since start) 

2016-09-15 08:57:32,794 -  START FROM SOR TO HUBS                                      executed in 0.000 seconds (0.224 seconds since start) 
2016-09-15 08:57:32,794 -  FINISH FROM SOR TO HUBS                                     executed in 0.000 seconds (0.224 seconds since start) 

2016-09-15 08:57:32,794 -  START FROM HUBS TO HUBS                                     executed in 0.001 seconds (0.225 seconds since start) 
2016-09-15 08:57:32,794 -  FINISH FROM HUBS TO HUBS                                    executed in 0.000 seconds (0.225 seconds since start) 

2016-09-15 08:57:32,794 -  START FROM SOR TO LINKS                                     executed in 0.000 seconds (0.225 seconds since start) 
2016-09-15 08:57:32,794 -  FINISH FROM SOR TO LINKS                                    executed in 0.000 seconds (0.225 seconds since start) 

2016-09-15 08:57:32,794 -  START FROM HUBS TO LINKS                                    executed in 0.000 seconds (0.225 seconds since start) 
2016-09-15 08:57:32,794 -  FINISH FROM HUBS TO LINKS                                   executed in 0.000 seconds (0.225 seconds since start) 

2016-09-15 08:57:32,803 -      -copy to exceptions_table persoon_hstage                executed on 0 rows in 0.009 seconds (0.233 seconds since start) 
2016-09-15 08:57:32,803 - =====================================                        executed in 0.000 seconds (0.233 seconds since start) 
2016-09-15 08:57:32,803 - ===== FINISH PIPE test_source                                executed in 0.000 seconds (0.233 seconds since start) 
2016-09-15 08:57:32,803 - =====================================                        executed in 0.000 seconds (0.233 seconds since start) 
2016-09-15 08:57:32,803 - FINISH ETL                                                   executed in 0.000 seconds (0.233 seconds since start) 
2016-09-15 08:57:32,803 - 
2016-09-15 08:57:32,833 - PRE-RUN VALIDATE DOMAINS                                     executed in 0.000 seconds (0.000 seconds since start) 
2016-09-15 08:57:32,833 -  Domains zijn OK.                                            executed in 0.000 seconds (0.000 seconds since start) 
2016-09-15 08:57:32,833 - 
2016-09-15 08:57:32,833 - VALIDATE MAPPINGS BEFORE DDL                                 executed in 0.000 seconds (0.000 seconds since start) 
2016-09-15 08:57:32,833 -   Mappings zijn OK.                                          executed in 0.000 seconds (0.000 seconds since start) 
2016-09-15 08:57:32,834 - 
2016-09-15 08:57:32,834 - START RUN 0.02                                               executed in 0.000 seconds (0.001 seconds since start) 
2016-09-15 08:57:32,834 - START DDL                                                    executed in 0.000 seconds (0.001 seconds since start) 
2016-09-15 08:57:32,834 -  DDL PIPE test_source                                        executed in 0.000 seconds (0.001 seconds since start) 
2016-09-15 08:57:32,835 -   START CREATE SOR                                           executed in 0.001 seconds (0.002 seconds since start) 
2016-09-15 08:57:32,847 -   FINISH CREATE SOR                                          executed in 0.012 seconds (0.014 seconds since start) 
2016-09-15 08:57:32,847 -   START CREATE DV                                            executed in 0.000 seconds (0.014 seconds since start) 
2016-09-15 08:57:32,911 -     -create handeling_hub                                    executed in 0.064 seconds (0.078 seconds since start) 
2016-09-15 08:57:32,939 -     -create handeling_sat_financieel                         executed in 0.028 seconds (0.106 seconds since start) 
2016-09-15 08:57:32,959 -     -create handeling_sat                                    executed in 0.020 seconds (0.126 seconds since start) 
2016-09-15 08:57:33,029 -     -create handeling_view                                   executed in 0.070 seconds (0.196 seconds since start) 
2016-09-15 08:57:33,140 -     -create organisatie_hub                                  executed in 0.111 seconds (0.307 seconds since start) 
2016-09-15 08:57:33,164 -     -create organisatie_sat_adres                            executed in 0.024 seconds (0.331 seconds since start) 
2016-09-15 08:57:33,195 -     -create organisatie_sat                                  executed in 0.031 seconds (0.362 seconds since start) 
2016-09-15 08:57:33,273 -     -create organisatie_view                                 executed in 0.078 seconds (0.440 seconds since start) 
2016-09-15 08:57:33,384 -     -create organisatie_handeling_link                       executed in 0.111 seconds (0.551 seconds since start) 
2016-09-15 08:57:33,396 -     -create organisatie_handeling_link_sat_details           executed in 0.012 seconds (0.563 seconds since start) 
2016-09-15 08:57:33,397 -   FINISH CREATE DV                                           executed in 0.001 seconds (0.564 seconds since start) 
2016-09-15 08:57:33,397 -  FINISH DDL PIPE test_source                                 executed in 0.000 seconds (0.564 seconds since start) 
2016-09-15 08:57:33,397 - FINISH DDL                                                   executed in 0.000 seconds (0.564 seconds since start) 
2016-09-15 08:57:33,397 - 
2016-09-15 08:57:33,397 - VALIDATE MAPPINGS                                            executed in 0.000 seconds (0.564 seconds since start) 
2016-09-15 08:57:33,397 -   Mappings zijn OK.                                          executed in 0.000 seconds (0.564 seconds since start) 
2016-09-15 08:57:33,397 - 
2016-09-15 08:57:33,397 - START ETL                                                    executed in 0.000 seconds (0.564 seconds since start) 
2016-09-15 08:57:33,397 - =====================================                        executed in 0.000 seconds (0.564 seconds since start) 
2016-09-15 08:57:33,397 - ===== START PIPE test_source                                 executed in 0.000 seconds (0.564 seconds since start) 
2016-09-15 08:57:33,397 - =====================================                        executed in 0.000 seconds (0.564 seconds since start) 
2016-09-15 08:57:33,398 -  START FROM SOURCE TO SOR                                    executed in 0.000 seconds (0.564 seconds since start) 
2016-09-15 08:57:33,398 -    START patienten1.csv -> persoon_hstage                    executed in 0.001 seconds (0.565 seconds since start) 
2016-09-15 08:57:33,416 -      -truncate persoon_temp                                  executed in 0.019 seconds (0.583 seconds since start) 
2016-09-15 08:57:33,417 -      -copy into persoon_temp                                 executed on 4 rows in 0.001 seconds (0.584 seconds since start) 
2016-09-15 08:57:33,418 -      -insert new into persoon_hstage                         executed on 0 rows in 0.001 seconds (0.585 seconds since start) 
2016-09-15 08:57:33,418 -      -update revision                                        executed on 0 rows in 0.000 seconds (0.585 seconds since start) 
2016-09-15 08:57:33,419 -      -update set old ones inactive                           executed on 0 rows in 0.001 seconds (0.586 seconds since start) 
2016-09-15 08:57:33,419 -      -validate sor: mark duplicate keys                      executed on 0 rows in 0.000 seconds (0.586 seconds since start) 
2016-09-15 08:57:33,420 -      -validate sor: mark first items of duplicate keys       executed on 0 rows in 0.001 seconds (0.587 seconds since start) 
2016-09-15 08:57:33,420 -    FINISH patienten1.csv -> persoon_hstage                   executed in 0.000 seconds (0.587 seconds since start) 
2016-09-15 08:57:33,420 -  FINISH FROM SOURCE TO SOR                                   executed in 0.000 seconds (0.587 seconds since start) 

2016-09-15 08:57:33,420 -  START FROM SOR TO REFS                                      executed in 0.000 seconds (0.587 seconds since start) 
2016-09-15 08:57:33,420 -  FINISH FROM SOR TO REFS                                     executed in 0.000 seconds (0.587 seconds since start) 

2016-09-15 08:57:33,420 -  START FROM SOR TO HUBS                                      executed in 0.000 seconds (0.587 seconds since start) 
2016-09-15 08:57:33,420 -  FINISH FROM SOR TO HUBS                                     executed in 0.000 seconds (0.587 seconds since start) 

2016-09-15 08:57:33,420 -  START FROM HUBS TO HUBS                                     executed in 0.000 seconds (0.587 seconds since start) 
2016-09-15 08:57:33,421 -  FINISH FROM HUBS TO HUBS                                    executed in 0.001 seconds (0.588 seconds since start) 

2016-09-15 08:57:33,421 -  START FROM SOR TO LINKS                                     executed in 0.000 seconds (0.588 seconds since start) 
2016-09-15 08:57:33,421 -  FINISH FROM SOR TO LINKS                                    executed in 0.000 seconds (0.588 seconds since start) 

2016-09-15 08:57:33,421 -  START FROM HUBS TO LINKS                                    executed in 0.000 seconds (0.588 seconds since start) 
2016-09-15 08:57:33,421 -  FINISH FROM HUBS TO LINKS                                   executed in 0.000 seconds (0.588 seconds since start) 

2016-09-15 08:57:33,428 -      -copy to exceptions_table persoon_hstage                executed on 0 rows in 0.007 seconds (0.595 seconds since start) 
2016-09-15 08:57:33,428 - =====================================                        executed in 0.000 seconds (0.595 seconds since start) 
2016-09-15 08:57:33,428 - ===== FINISH PIPE test_source                                executed in 0.000 seconds (0.595 seconds since start) 
2016-09-15 08:57:33,428 - =====================================                        executed in 0.000 seconds (0.595 seconds since start) 
2016-09-15 08:57:33,428 - FINISH ETL                                                   executed in 0.000 seconds (0.595 seconds since start) 
2016-09-15 08:57:33,428 - 
