2016-09-15 09:00:46,442 - PRE-RUN VALIDATE DOMAINS                                     executed in 0.001 seconds (0.001 seconds since start) 
2016-09-15 09:00:46,442 -  Domains zijn OK.                                            executed in 0.000 seconds (0.001 seconds since start) 
2016-09-15 09:00:46,442 - 
2016-09-15 09:00:46,442 - VALIDATE MAPPINGS BEFORE DDL                                 executed in 0.000 seconds (0.001 seconds since start) 
2016-09-15 09:00:46,442 -   Mappings zijn OK.                                          executed in 0.000 seconds (0.001 seconds since start) 
2016-09-15 09:00:46,442 - 
2016-09-15 09:00:46,442 - START RUN 0.05                                               executed in 0.000 seconds (0.001 seconds since start) 
2016-09-15 09:00:46,442 - START DDL                                                    executed in 0.000 seconds (0.001 seconds since start) 
2016-09-15 09:00:46,442 -  DDL PIPE test_source                                        executed in 0.000 seconds (0.001 seconds since start) 
2016-09-15 09:00:46,443 -   START CREATE SOR                                           executed in 0.001 seconds (0.002 seconds since start) 
2016-09-15 09:00:46,487 -   FINISH CREATE SOR                                          executed in 0.044 seconds (0.046 seconds since start) 
2016-09-15 09:00:46,487 -   START CREATE DV                                            executed in 0.000 seconds (0.046 seconds since start) 
2016-09-15 09:00:46,580 -   FINISH CREATE DV                                           executed in 0.093 seconds (0.139 seconds since start) 
2016-09-15 09:00:46,580 -  FINISH DDL PIPE test_source                                 executed in 0.000 seconds (0.139 seconds since start) 
2016-09-15 09:00:46,580 - FINISH DDL                                                   executed in 0.000 seconds (0.139 seconds since start) 
2016-09-15 09:00:46,580 - 
2016-09-15 09:00:46,580 - VALIDATE MAPPINGS                                            executed in 0.000 seconds (0.139 seconds since start) 
2016-09-15 09:00:46,580 -   Mappings zijn OK.                                          executed in 0.000 seconds (0.139 seconds since start) 
2016-09-15 09:00:46,580 - 
2016-09-15 09:00:46,581 - START ETL                                                    executed in 0.001 seconds (0.140 seconds since start) 
2016-09-15 09:00:46,581 - =====================================                        executed in 0.000 seconds (0.140 seconds since start) 
2016-09-15 09:00:46,581 - ===== START PIPE test_source                                 executed in 0.000 seconds (0.140 seconds since start) 
2016-09-15 09:00:46,581 - =====================================                        executed in 0.000 seconds (0.140 seconds since start) 
2016-09-15 09:00:46,581 -  START FROM SOURCE TO SOR                                    executed in 0.000 seconds (0.140 seconds since start) 
2016-09-15 09:00:46,581 -    START patienten1.csv -> persoon_hstage                    executed in 0.000 seconds (0.140 seconds since start) 
2016-09-15 09:00:46,596 -      -truncate persoon_temp                                  executed in 0.015 seconds (0.155 seconds since start) 
2016-09-15 09:00:46,597 -      -copy into persoon_temp                                 executed on 4 rows in 0.001 seconds (0.156 seconds since start) 
2016-09-15 09:00:46,598 -      -insert new into persoon_hstage                         executed on 0 rows in 0.001 seconds (0.157 seconds since start) 
2016-09-15 09:00:46,599 -      -update revision                                        executed on 0 rows in 0.001 seconds (0.158 seconds since start) 
2016-09-15 09:00:46,600 -      -update set old ones inactive                           executed on 0 rows in 0.001 seconds (0.159 seconds since start) 
2016-09-15 09:00:46,600 -      -validate sor: mark duplicate keys                      executed on 0 rows in 0.000 seconds (0.159 seconds since start) 
2016-09-15 09:00:46,601 -      -validate sor: mark first items of duplicate keys       executed on 0 rows in 0.001 seconds (0.160 seconds since start) 
2016-09-15 09:00:46,601 -    FINISH patienten1.csv -> persoon_hstage                   executed in 0.000 seconds (0.160 seconds since start) 
2016-09-15 09:00:46,601 -  FINISH FROM SOURCE TO SOR                                   executed in 0.000 seconds (0.160 seconds since start) 

2016-09-15 09:00:46,601 -  START FROM SOR TO REFS                                      executed in 0.000 seconds (0.160 seconds since start) 
2016-09-15 09:00:46,601 -  FINISH FROM SOR TO REFS                                     executed in 0.000 seconds (0.160 seconds since start) 

2016-09-15 09:00:46,602 -  START FROM SOR TO HUBS                                      executed in 0.001 seconds (0.161 seconds since start) 
2016-09-15 09:00:46,602 -  FINISH FROM SOR TO HUBS                                     executed in 0.000 seconds (0.161 seconds since start) 

2016-09-15 09:00:46,602 -  START FROM HUBS TO HUBS                                     executed in 0.000 seconds (0.161 seconds since start) 
2016-09-15 09:00:46,602 -  FINISH FROM HUBS TO HUBS                                    executed in 0.000 seconds (0.161 seconds since start) 

2016-09-15 09:00:46,602 -  START FROM SOR TO LINKS                                     executed in 0.000 seconds (0.161 seconds since start) 
2016-09-15 09:00:46,602 -  FINISH FROM SOR TO LINKS                                    executed in 0.000 seconds (0.161 seconds since start) 

2016-09-15 09:00:46,602 -  START FROM HUBS TO LINKS                                    executed in 0.000 seconds (0.161 seconds since start) 
2016-09-15 09:00:46,602 -  FINISH FROM HUBS TO LINKS                                   executed in 0.000 seconds (0.161 seconds since start) 

2016-09-15 09:00:46,610 -      -copy to exceptions_table persoon_hstage                executed on 0 rows in 0.008 seconds (0.169 seconds since start) 
2016-09-15 09:00:46,610 - =====================================                        executed in 0.000 seconds (0.169 seconds since start) 
2016-09-15 09:00:46,610 - ===== FINISH PIPE test_source                                executed in 0.000 seconds (0.169 seconds since start) 
2016-09-15 09:00:46,610 - =====================================                        executed in 0.000 seconds (0.169 seconds since start) 
2016-09-15 09:00:46,610 - FINISH ETL                                                   executed in 0.000 seconds (0.169 seconds since start) 
2016-09-15 09:00:46,610 - 
2016-09-15 09:00:46,635 - PRE-RUN VALIDATE DOMAINS                                     executed in 0.001 seconds (0.001 seconds since start) 
2016-09-15 09:00:46,635 -  Domains zijn OK.                                            executed in 0.000 seconds (0.001 seconds since start) 
2016-09-15 09:00:46,635 - 
2016-09-15 09:00:46,635 - VALIDATE MAPPINGS BEFORE DDL                                 executed in 0.000 seconds (0.001 seconds since start) 
2016-09-15 09:00:46,635 -   Mappings zijn OK.                                          executed in 0.000 seconds (0.001 seconds since start) 
2016-09-15 09:00:46,636 - 
2016-09-15 09:00:46,636 - START RUN 0.06                                               executed in 0.000 seconds (0.002 seconds since start) 
2016-09-15 09:00:46,636 - START DDL                                                    executed in 0.000 seconds (0.002 seconds since start) 
2016-09-15 09:00:46,636 -  DDL PIPE test_source                                        executed in 0.000 seconds (0.002 seconds since start) 
2016-09-15 09:00:46,636 -   START CREATE SOR                                           executed in 0.000 seconds (0.002 seconds since start) 
2016-09-15 09:00:46,637 -   FINISH CREATE SOR                                          executed in 0.001 seconds (0.003 seconds since start) 
2016-09-15 09:00:46,637 -   START CREATE DV                                            executed in 0.000 seconds (0.003 seconds since start) 
2016-09-15 09:00:46,669 -   FINISH CREATE DV                                           executed in 0.032 seconds (0.035 seconds since start) 
2016-09-15 09:00:46,669 -  FINISH DDL PIPE test_source                                 executed in 0.000 seconds (0.035 seconds since start) 
2016-09-15 09:00:46,670 - FINISH DDL                                                   executed in 0.001 seconds (0.036 seconds since start) 
2016-09-15 09:00:46,670 - 
2016-09-15 09:00:46,670 - VALIDATE MAPPINGS                                            executed in 0.000 seconds (0.036 seconds since start) 
2016-09-15 09:00:46,670 -   Mappings zijn OK.                                          executed in 0.000 seconds (0.036 seconds since start) 
2016-09-15 09:00:46,670 - 
2016-09-15 09:00:46,670 - START ETL                                                    executed in 0.000 seconds (0.036 seconds since start) 
2016-09-15 09:00:46,670 - =====================================                        executed in 0.000 seconds (0.036 seconds since start) 
2016-09-15 09:00:46,670 - ===== START PIPE test_source                                 executed in 0.000 seconds (0.036 seconds since start) 
2016-09-15 09:00:46,670 - =====================================                        executed in 0.000 seconds (0.036 seconds since start) 
2016-09-15 09:00:46,670 -  START FROM SOURCE TO SOR                                    executed in 0.000 seconds (0.036 seconds since start) 
2016-09-15 09:00:46,670 -    START patienten1.csv -> persoon_hstage                    executed in 0.000 seconds (0.036 seconds since start) 
2016-09-15 09:00:46,695 -      -truncate persoon_temp                                  executed in 0.025 seconds (0.061 seconds since start) 
2016-09-15 09:00:46,696 -      -copy into persoon_temp                                 executed on 4 rows in 0.001 seconds (0.062 seconds since start) 
2016-09-15 09:00:46,697 -      -insert new into persoon_hstage                         executed on 0 rows in 0.001 seconds (0.063 seconds since start) 
2016-09-15 09:00:46,697 -      -update revision                                        executed on 0 rows in 0.000 seconds (0.063 seconds since start) 
2016-09-15 09:00:46,698 -      -update set old ones inactive                           executed on 0 rows in 0.001 seconds (0.064 seconds since start) 
2016-09-15 09:00:46,699 -      -validate sor: mark duplicate keys                      executed on 0 rows in 0.001 seconds (0.065 seconds since start) 
2016-09-15 09:00:46,699 -      -validate sor: mark first items of duplicate keys       executed on 0 rows in 0.000 seconds (0.065 seconds since start) 
2016-09-15 09:00:46,699 -    FINISH patienten1.csv -> persoon_hstage                   executed in 0.000 seconds (0.065 seconds since start) 
2016-09-15 09:00:46,699 -  FINISH FROM SOURCE TO SOR                                   executed in 0.000 seconds (0.065 seconds since start) 

2016-09-15 09:00:46,700 -  START FROM SOR TO REFS                                      executed in 0.001 seconds (0.066 seconds since start) 
2016-09-15 09:00:46,700 -  FINISH FROM SOR TO REFS                                     executed in 0.000 seconds (0.066 seconds since start) 

2016-09-15 09:00:46,700 -  START FROM SOR TO HUBS                                      executed in 0.000 seconds (0.066 seconds since start) 
2016-09-15 09:00:46,700 -  FINISH FROM SOR TO HUBS                                     executed in 0.000 seconds (0.066 seconds since start) 

2016-09-15 09:00:46,700 -  START FROM HUBS TO HUBS                                     executed in 0.000 seconds (0.066 seconds since start) 
2016-09-15 09:00:46,700 -  FINISH FROM HUBS TO HUBS                                    executed in 0.000 seconds (0.066 seconds since start) 

2016-09-15 09:00:46,700 -  START FROM SOR TO LINKS                                     executed in 0.000 seconds (0.066 seconds since start) 
2016-09-15 09:00:46,700 -  FINISH FROM SOR TO LINKS                                    executed in 0.000 seconds (0.066 seconds since start) 

2016-09-15 09:00:46,700 -  START FROM HUBS TO LINKS                                    executed in 0.000 seconds (0.066 seconds since start) 
2016-09-15 09:00:46,700 -  FINISH FROM HUBS TO LINKS                                   executed in 0.000 seconds (0.066 seconds since start) 

2016-09-15 09:00:46,708 -      -copy to exceptions_table persoon_hstage                executed on 0 rows in 0.007 seconds (0.073 seconds since start) 
2016-09-15 09:00:46,708 - =====================================                        executed in 0.000 seconds (0.073 seconds since start) 
2016-09-15 09:00:46,708 - ===== FINISH PIPE test_source                                executed in 0.000 seconds (0.073 seconds since start) 
2016-09-15 09:00:46,708 - =====================================                        executed in 0.000 seconds (0.073 seconds since start) 
2016-09-15 09:00:46,708 - FINISH ETL                                                   executed in 0.000 seconds (0.073 seconds since start) 
2016-09-15 09:00:46,708 - 
