2016-09-15 10:56:43,269 - PRE-RUN VALIDATE DOMAINS                                     executed in 0.000 seconds (0.000 seconds since start) 
2016-09-15 10:56:43,269 -  Domains zijn OK.                                            executed in 0.000 seconds (0.000 seconds since start) 
2016-09-15 10:56:43,269 - 
2016-09-15 10:56:43,270 - VALIDATE MAPPINGS BEFORE DDL                                 executed in 0.001 seconds (0.001 seconds since start) 
2016-09-15 10:56:43,270 -   Mappings zijn OK.                                          executed in 0.000 seconds (0.001 seconds since start) 
2016-09-15 10:56:43,270 - 
2016-09-15 10:56:43,270 - START RUN 0.09                                               executed in 0.000 seconds (0.001 seconds since start) 
2016-09-15 10:56:43,270 - START DDL                                                    executed in 0.000 seconds (0.001 seconds since start) 
2016-09-15 10:56:43,270 -  DDL PIPE test_source                                        executed in 0.000 seconds (0.001 seconds since start) 
2016-09-15 10:56:43,271 -   START CREATE SOR                                           executed in 0.001 seconds (0.002 seconds since start) 
2016-09-15 10:56:43,355 -   FINISH CREATE SOR                                          executed in 0.083 seconds (0.085 seconds since start) 
2016-09-15 10:56:43,355 -   START CREATE DV                                            executed in 0.000 seconds (0.085 seconds since start) 
2016-09-15 10:56:43,468 -   FINISH CREATE DV                                           executed in 0.113 seconds (0.198 seconds since start) 
2016-09-15 10:56:43,469 -  FINISH DDL PIPE test_source                                 executed in 0.001 seconds (0.199 seconds since start) 
2016-09-15 10:56:43,469 - FINISH DDL                                                   executed in 0.000 seconds (0.199 seconds since start) 
2016-09-15 10:56:43,469 - 
2016-09-15 10:56:43,469 - VALIDATE MAPPINGS                                            executed in 0.000 seconds (0.199 seconds since start) 
2016-09-15 10:56:43,469 -   Mappings zijn OK.                                          executed in 0.000 seconds (0.199 seconds since start) 
2016-09-15 10:56:43,469 - 
2016-09-15 10:56:43,469 - START ETL                                                    executed in 0.000 seconds (0.199 seconds since start) 
2016-09-15 10:56:43,469 - =====================================                        executed in 0.000 seconds (0.199 seconds since start) 
2016-09-15 10:56:43,469 - ===== START PIPE test_source                                 executed in 0.000 seconds (0.199 seconds since start) 
2016-09-15 10:56:43,469 - =====================================                        executed in 0.000 seconds (0.199 seconds since start) 
2016-09-15 10:56:43,469 -  START FROM SOURCE TO SOR                                    executed in 0.000 seconds (0.199 seconds since start) 
2016-09-15 10:56:43,470 -    START patienten1.csv -> persoon_hstage                    executed in 0.000 seconds (0.199 seconds since start) 
2016-09-15 10:56:43,513 -      -truncate persoon_temp                                  executed in 0.044 seconds (0.244 seconds since start) 
2016-09-15 10:56:43,514 -      -copy into persoon_temp                                 executed on 4 rows in 0.001 seconds (0.245 seconds since start) 
2016-09-15 10:56:43,524 -      -insert new into persoon_hstage                         executed on 0 rows in 0.010 seconds (0.255 seconds since start) 
2016-09-15 10:56:43,526 -      -update revision                                        executed on 0 rows in 0.002 seconds (0.257 seconds since start) 
2016-09-15 10:56:43,526 -      -update set old ones inactive                           executed on 0 rows in 0.000 seconds (0.257 seconds since start) 
2016-09-15 10:56:43,527 -      -validate sor: mark duplicate keys                      executed on 0 rows in 0.001 seconds (0.258 seconds since start) 
2016-09-15 10:56:43,531 -      -validate sor: mark first items of duplicate keys       executed on 0 rows in 0.004 seconds (0.262 seconds since start) 
2016-09-15 10:56:43,532 -    FINISH patienten1.csv -> persoon_hstage                   executed in 0.000 seconds (0.262 seconds since start) 
2016-09-15 10:56:43,532 -  FINISH FROM SOURCE TO SOR                                   executed in 0.001 seconds (0.263 seconds since start) 

2016-09-15 10:56:43,532 -  START FROM SOR TO REFS                                      executed in 0.000 seconds (0.263 seconds since start) 
2016-09-15 10:56:43,532 -  FINISH FROM SOR TO REFS                                     executed in 0.000 seconds (0.263 seconds since start) 

2016-09-15 10:56:43,532 -  START FROM SOR TO HUBS                                      executed in 0.000 seconds (0.263 seconds since start) 
2016-09-15 10:56:43,532 -  FINISH FROM SOR TO HUBS                                     executed in 0.000 seconds (0.263 seconds since start) 

2016-09-15 10:56:43,532 -  START FROM HUBS TO HUBS                                     executed in 0.000 seconds (0.263 seconds since start) 
2016-09-15 10:56:43,532 -  FINISH FROM HUBS TO HUBS                                    executed in 0.000 seconds (0.263 seconds since start) 

2016-09-15 10:56:43,532 -  START FROM SOR TO LINKS                                     executed in 0.000 seconds (0.263 seconds since start) 
2016-09-15 10:56:43,532 -  FINISH FROM SOR TO LINKS                                    executed in 0.000 seconds (0.263 seconds since start) 

2016-09-15 10:56:43,532 -  START FROM HUBS TO LINKS                                    executed in 0.000 seconds (0.263 seconds since start) 
2016-09-15 10:56:43,533 -  FINISH FROM HUBS TO LINKS                                   executed in 0.001 seconds (0.264 seconds since start) 

2016-09-15 10:56:43,543 -      -copy to exceptions_table persoon_hstage                executed on 0 rows in 0.010 seconds (0.274 seconds since start) 
2016-09-15 10:56:43,543 - =====================================                        executed in 0.000 seconds (0.274 seconds since start) 
2016-09-15 10:56:43,543 - ===== FINISH PIPE test_source                                executed in 0.000 seconds (0.274 seconds since start) 
2016-09-15 10:56:43,544 - =====================================                        executed in 0.001 seconds (0.275 seconds since start) 
2016-09-15 10:56:43,544 - FINISH ETL                                                   executed in 0.000 seconds (0.275 seconds since start) 
2016-09-15 10:56:43,544 - 
2016-09-15 10:56:43,593 - PRE-RUN VALIDATE DOMAINS                                     executed in 0.000 seconds (0.000 seconds since start) 
2016-09-15 10:56:43,593 -  Domains zijn OK.                                            executed in 0.000 seconds (0.000 seconds since start) 
2016-09-15 10:56:43,594 - 
2016-09-15 10:56:43,594 - VALIDATE MAPPINGS BEFORE DDL                                 executed in 0.000 seconds (0.001 seconds since start) 
2016-09-15 10:56:43,594 -   Mappings zijn OK.                                          executed in 0.000 seconds (0.001 seconds since start) 
2016-09-15 10:56:43,594 - 
2016-09-15 10:56:43,594 - START RUN 0.10                                               executed in 0.000 seconds (0.001 seconds since start) 
2016-09-15 10:56:43,594 - START DDL                                                    executed in 0.000 seconds (0.001 seconds since start) 
2016-09-15 10:56:43,594 -  DDL PIPE test_source                                        executed in 0.000 seconds (0.001 seconds since start) 
2016-09-15 10:56:43,595 -   START CREATE SOR                                           executed in 0.001 seconds (0.002 seconds since start) 
2016-09-15 10:56:43,596 -   FINISH CREATE SOR                                          executed in 0.001 seconds (0.003 seconds since start) 
2016-09-15 10:56:43,596 -   START CREATE DV                                            executed in 0.000 seconds (0.003 seconds since start) 
2016-09-15 10:56:43,640 -   FINISH CREATE DV                                           executed in 0.044 seconds (0.047 seconds since start) 
2016-09-15 10:56:43,640 -  FINISH DDL PIPE test_source                                 executed in 0.000 seconds (0.047 seconds since start) 
2016-09-15 10:56:43,641 - FINISH DDL                                                   executed in 0.001 seconds (0.048 seconds since start) 
2016-09-15 10:56:43,641 - 
2016-09-15 10:56:43,641 - VALIDATE MAPPINGS                                            executed in 0.000 seconds (0.048 seconds since start) 
2016-09-15 10:56:43,641 -   Mappings zijn OK.                                          executed in 0.000 seconds (0.048 seconds since start) 
2016-09-15 10:56:43,641 - 
2016-09-15 10:56:43,641 - START ETL                                                    executed in 0.000 seconds (0.048 seconds since start) 
2016-09-15 10:56:43,641 - =====================================                        executed in 0.000 seconds (0.048 seconds since start) 
2016-09-15 10:56:43,641 - ===== START PIPE test_source                                 executed in 0.000 seconds (0.048 seconds since start) 
2016-09-15 10:56:43,641 - =====================================                        executed in 0.000 seconds (0.048 seconds since start) 
2016-09-15 10:56:43,641 -  START FROM SOURCE TO SOR                                    executed in 0.000 seconds (0.048 seconds since start) 
2016-09-15 10:56:43,641 -    START patienten1.csv -> persoon_hstage                    executed in 0.000 seconds (0.048 seconds since start) 
2016-09-15 10:56:43,669 -      -truncate persoon_temp                                  executed in 0.028 seconds (0.076 seconds since start) 
2016-09-15 10:56:43,670 -      -copy into persoon_temp                                 executed on 4 rows in 0.001 seconds (0.077 seconds since start) 
2016-09-15 10:56:43,671 -      -insert new into persoon_hstage                         executed on 0 rows in 0.001 seconds (0.078 seconds since start) 
2016-09-15 10:56:43,671 -      -update revision                                        executed on 0 rows in 0.000 seconds (0.078 seconds since start) 
2016-09-15 10:56:43,672 -      -update set old ones inactive                           executed on 0 rows in 0.001 seconds (0.079 seconds since start) 
2016-09-15 10:56:43,673 -      -validate sor: mark duplicate keys                      executed on 0 rows in 0.001 seconds (0.080 seconds since start) 
2016-09-15 10:56:43,673 -      -validate sor: mark first items of duplicate keys       executed on 0 rows in 0.000 seconds (0.080 seconds since start) 
2016-09-15 10:56:43,674 -    FINISH patienten1.csv -> persoon_hstage                   executed in 0.001 seconds (0.081 seconds since start) 
2016-09-15 10:56:43,674 -  FINISH FROM SOURCE TO SOR                                   executed in 0.000 seconds (0.081 seconds since start) 

2016-09-15 10:56:43,674 -  START FROM SOR TO REFS                                      executed in 0.000 seconds (0.081 seconds since start) 
2016-09-15 10:56:43,674 -  FINISH FROM SOR TO REFS                                     executed in 0.000 seconds (0.081 seconds since start) 

2016-09-15 10:56:43,674 -  START FROM SOR TO HUBS                                      executed in 0.000 seconds (0.081 seconds since start) 
2016-09-15 10:56:43,674 -  FINISH FROM SOR TO HUBS                                     executed in 0.000 seconds (0.081 seconds since start) 

2016-09-15 10:56:43,674 -  START FROM HUBS TO HUBS                                     executed in 0.000 seconds (0.081 seconds since start) 
2016-09-15 10:56:43,674 -  FINISH FROM HUBS TO HUBS                                    executed in 0.000 seconds (0.081 seconds since start) 

2016-09-15 10:56:43,674 -  START FROM SOR TO LINKS                                     executed in 0.000 seconds (0.081 seconds since start) 
2016-09-15 10:56:43,674 -  FINISH FROM SOR TO LINKS                                    executed in 0.000 seconds (0.081 seconds since start) 

2016-09-15 10:56:43,674 -  START FROM HUBS TO LINKS                                    executed in 0.000 seconds (0.081 seconds since start) 
2016-09-15 10:56:43,675 -  FINISH FROM HUBS TO LINKS                                   executed in 0.001 seconds (0.082 seconds since start) 

2016-09-15 10:56:43,682 -      -copy to exceptions_table persoon_hstage                executed on 0 rows in 0.007 seconds (0.089 seconds since start) 
2016-09-15 10:56:43,682 - =====================================                        executed in 0.000 seconds (0.089 seconds since start) 
2016-09-15 10:56:43,682 - ===== FINISH PIPE test_source                                executed in 0.000 seconds (0.089 seconds since start) 
2016-09-15 10:56:43,682 - =====================================                        executed in 0.000 seconds (0.089 seconds since start) 
2016-09-15 10:56:43,682 - FINISH ETL                                                   executed in 0.000 seconds (0.089 seconds since start) 
2016-09-15 10:56:43,682 - 
